
> frontend@0.1.0 dev
> next dev

 ⚠ Warning: Found multiple lockfiles. Selecting /Users/marcus/package-lock.json.
   Consider removing the lockfiles at:
   * /Users/marcus/Projects/0g-INFT/frontend/package-lock.json
   * /Users/marcus/Projects/0g-INFT/package-lock.json
   * /Users/marcus/Projects/package-lock.json

 ⚠ Port 3000 is in use by process 14354, using available port 3001 instead.
   ▲ Next.js 15.4.7
   - Local:        http://localhost:3001
   - Network:      http://192.168.1.240:3001
   - Experiments (use with caution):
     ✓ forceSwcTransforms

 ✓ Starting...
 ⚠ Invalid next.config.mjs options detected: 
 ⚠     Unrecognized key(s) in object: 'fastRefresh'
 ⚠ See more info here: https://nextjs.org/docs/messages/invalid-next-config
 ✓ Ready in 1058ms
 ○ Compiling /_error ...
 ✓ Compiled /_error in 4.7s (4388 modules)
 GET /_next/static/webpack/77f0100c3c6059c1.webpack.hot-update.json 404 in 5404ms
 ⚠ Fast Refresh had to perform a full reload. Read more: https://nextjs.org/docs/messages/fast-refresh-reload
 ○ Compiling / ...
 ✓ Compiled / in 1136ms (4445 modules)
 GET /_next/static/webpack/77f0100c3c6059c1.webpack.hot-update.json 404 in 1012ms
 ⚠ Fast Refresh had to perform a full reload. Read more: https://nextjs.org/docs/messages/fast-refresh-reload
 GET / 200 in 1528ms
 GET / 200 in 229ms
 GET / 200 in 235ms
 ✓ Compiled in 631ms (4445 modules)
 GET / 404 in 245ms
 ✓ Compiled in 1382ms (4299 modules)
 ✓ Compiled in 280ms (4299 modules)
 ✓ Compiled in 304ms (4299 modules)
 ✓ Compiled in 313ms (4299 modules)
 ⨯ pages/_document.js
`next/font` error:
Cannot be used within pages/_document.js.
 ⨯ pages/_document.js
`next/font` error:
Cannot be used within pages/_document.js.
 ○ Compiling / ...
 ⨯ pages/_document.js
`next/font` error:
Cannot be used within pages/_document.js.
 ⨯ pages/_document.js
`next/font` error:
Cannot be used within pages/_document.js.
 GET / 500 in 1578ms
 ⨯ pages/_document.js
`next/font` error:
Cannot be used within pages/_document.js.
 ✓ Compiled /_error in 500ms (4392 modules)
 ✓ Compiled in 840ms (4184 modules)
 ✓ Compiled in 304ms (4184 modules)
 ✓ Compiled in 243ms (4184 modules)
 ✓ Compiled in 186ms (4184 modules)
 ✓ Compiled in 173ms (4184 modules)
 ✓ Compiled in 216ms (4184 modules)
 ✓ Compiled in 275ms (4184 modules)
 ✓ Compiled in 291ms (4184 modules)
 ✓ Compiled in 422ms (4392 modules)
 ✓ Compiled in 571ms (4392 modules)
 ✓ Compiled in 600ms (4392 modules)
 ✓ Compiled in 1657ms (4392 modules)
 ✓ Compiled in 392ms (4184 modules)
 ✓ Compiled in 507ms (4184 modules)
 ✓ Compiled in 897ms (4184 modules)
 ✓ Compiled in 369ms (4184 modules)
 ✓ Compiled in 398ms (4184 modules)
 ✓ Compiled in 464ms (4184 modules)
 ✓ Compiled in 430ms (4184 modules)
 ✓ Compiled in 444ms (4184 modules)
 ✓ Compiled in 531ms (4184 modules)
 ✓ Compiled in 709ms (4184 modules)
 ✓ Compiled in 547ms (4184 modules)
 ✓ Compiled in 623ms (4184 modules)
 ✓ Compiled in 348ms (4184 modules)
 ✓ Compiled in 372ms (4184 modules)
 ✓ Compiled in 429ms (4184 modules)
 ✓ Compiled in 205ms (4184 modules)
 ✓ Compiled in 384ms (4184 modules)
 ✓ Compiled in 357ms (4184 modules)
 ✓ Compiled in 386ms (4184 modules)
 ✓ Compiled in 795ms (4184 modules)
 ✓ Compiled in 942ms (4184 modules)
 ✓ Compiled in 330ms (4184 modules)
 ✓ Compiled in 618ms (4184 modules)
 ✓ Compiled in 297ms (4184 modules)
 ✓ Compiled in 807ms (4392 modules)
 ✓ Compiled in 438ms (4392 modules)
 ✓ Compiled in 313ms (4184 modules)
 ✓ Compiled in 191ms (4184 modules)
 ✓ Compiled in 376ms (4184 modules)
 ✓ Compiled in 196ms (4184 modules)
 ✓ Compiled in 295ms (4184 modules)
 ✓ Compiled in 144ms (4184 modules)
 ✓ Compiled in 548ms (4184 modules)
 ✓ Compiled in 456ms (4184 modules)
 ✓ Compiled in 246ms (4184 modules)
 ✓ Compiled in 402ms (4184 modules)
 ✓ Compiled in 410ms (4184 modules)
 ✓ Compiled in 470ms (4184 modules)
 ✓ Compiled in 502ms (4392 modules)
 ✓ Compiled in 423ms (4392 modules)
 ✓ Compiled in 435ms (4184 modules)
 ✓ Compiled in 1096ms (4184 modules)
<w> [webpack.cache.PackFileCacheStrategy] Caching failed for pack: Error: ENOENT: no such file or directory, rename '/Users/marcus/Projects/0g-INFT/frontend/.next/cache/webpack/client-development/8.pack.gz_' -> '/Users/marcus/Projects/0g-INFT/frontend/.next/cache/webpack/client-development/8.pack.gz'
 ✓ Compiled in 1096ms (4184 modules)
 ✓ Compiled in 564ms (4184 modules)
 ✓ Compiled in 184ms (4184 modules)
 ✓ Compiled in 414ms (4184 modules)
 ✓ Compiled in 197ms (4184 modules)
 ✓ Compiled in 377ms (4184 modules)
 ✓ Compiled in 206ms (4184 modules)
 ✓ Compiled in 1887ms (4392 modules)
 ✓ Compiled in 410ms (4184 modules)
 ✓ Compiled in 376ms (4184 modules)
 ✓ Compiled in 2s (4392 modules)
<w> [webpack.cache.PackFileCacheStrategy] Caching failed for pack: Error: ENOENT: no such file or directory, rename '/Users/marcus/Projects/0g-INFT/frontend/.next/cache/webpack/client-development/0.pack.gz_' -> '/Users/marcus/Projects/0g-INFT/frontend/.next/cache/webpack/client-development/0.pack.gz'
 ✓ Compiled in 449ms (4184 modules)
 ✓ Compiled in 409ms (4184 modules)
 ✓ Compiled in 472ms (4184 modules)
 ✓ Compiled in 428ms (4184 modules)
 ✓ Compiled in 204ms (4184 modules)
 ✓ Compiled in 175ms (4184 modules)
 ✓ Compiled in 342ms (4184 modules)
 ✓ Compiled in 569ms (4184 modules)
<w> [webpack.cache.PackFileCacheStrategy] Caching failed for pack: Error: ENOENT: no such file or directory, rename '/Users/marcus/Projects/0g-INFT/frontend/.next/cache/webpack/client-development/2.pack.gz_' -> '/Users/marcus/Projects/0g-INFT/frontend/.next/cache/webpack/client-development/2.pack.gz'
